{"__type":"$$EventMessageAudit","id":"fe6ac1ae-2af0-4499-84f4-68a19abac1dc","ts":"2026-06-21T01:18:07.851+05:30","eventName":"n8n.audit.workflow.executed","message":"n8n.audit.workflow.executed","payload":{"userId":"03b51899-dac1-4a33-aecd-ab6405f11858","_email":"aman.raj.sde@gmail.com","_firstName":"Aman","_lastName":"Raj","globalRole":"global:owner","workflowId":"fZgeDPZgY0fu2U8N","workflowName":"My workflow","executionId":"5","source":"user-manual"}}
{"__type":"$$EventMessageConfirm","confirm":"fe6ac1ae-2af0-4499-84f4-68a19abac1dc","ts":"2026-06-21T01:18:07.851+05:30","source":{"id":"0","name":"eventBus"}}
{"__type":"$$EventMessageWorkflow","id":"dd7f409b-eba5-43dc-8bd8-9b6019b910b5","ts":"2026-06-21T01:18:07.853+05:30","eventName":"n8n.workflow.started","message":"n8n.workflow.started","payload":{"executionId":"5","workflowId":"fZgeDPZgY0fu2U8N","isManual":false,"mode":"manual","workflowName":"My workflow","projectId":"4WM2bi4SFwg00VyO","projectName":"Aman Raj <aman.raj.sde@gmail.com>"}}
{"__type":"$$EventMessageConfirm","confirm":"dd7f409b-eba5-43dc-8bd8-9b6019b910b5","ts":"2026-06-21T01:18:07.853+05:30","source":{"id":"0","name":"eventBus"}}
{"__type":"$$EventMessageNode","id":"a8bb4a44-174a-478f-816a-eddf8cd4b4ee","ts":"2026-06-21T01:18:07.866+05:30","eventName":"n8n.node.started","message":"n8n.node.started","payload":{"workflowId":"fZgeDPZgY0fu2U8N","workflowName":"My workflow","executionId":"5","nodeType":"n8n-nodes-base.manualTrigger","nodeName":"When clicking ‘Execute workflow’","nodeId":"6d26efda-9107-43d6-8273-16e85f87bb25"}}
{"__type":"$$EventMessageConfirm","confirm":"a8bb4a44-174a-478f-816a-eddf8cd4b4ee","ts":"2026-06-21T01:18:07.866+05:30","source":{"id":"0","name":"eventBus"}}
{"__type":"$$EventMessageNode","id":"6f26ccb7-1d83-4931-bd53-990f71607f37","ts":"2026-06-21T01:18:07.870+05:30","eventName":"n8n.node.finished","message":"n8n.node.finished","payload":{"workflowId":"fZgeDPZgY0fu2U8N","workflowName":"My workflow","executionId":"5","nodeType":"n8n-nodes-base.manualTrigger","nodeName":"When clicking ‘Execute workflow’","nodeId":"6d26efda-9107-43d6-8273-16e85f87bb25"}}
{"__type":"$$EventMessageConfirm","confirm":"6f26ccb7-1d83-4931-bd53-990f71607f37","ts":"2026-06-21T01:18:07.871+05:30","source":{"id":"0","name":"eventBus"}}
{"__type":"$$EventMessageNode","id":"f2f43c5b-0a0a-4dc6-91bc-15f13c2c098f","ts":"2026-06-21T01:18:07.872+05:30","eventName":"n8n.node.started","message":"n8n.node.started","payload":{"workflowId":"fZgeDPZgY0fu2U8N","workflowName":"My workflow","executionId":"5","nodeType":"n8n-nodes-base.code","nodeName":"Code in Python","nodeId":"a531a733-e42f-41c9-930c-04dbd8d57f95"}}
{"__type":"$$EventMessageConfirm","confirm":"f2f43c5b-0a0a-4dc6-91bc-15f13c2c098f","ts":"2026-06-21T01:18:07.873+05:30","source":{"id":"0","name":"eventBus"}}
{"__type":"$$EventMessageNode","id":"d03e0eaa-0300-437c-a0e1-6401bad6db6c","ts":"2026-06-21T01:18:07.925+05:30","eventName":"n8n.node.finished","message":"n8n.node.finished","payload":{"workflowId":"fZgeDPZgY0fu2U8N","workflowName":"My workflow","executionId":"5","nodeType":"n8n-nodes-base.code","nodeName":"Code in Python","nodeId":"a531a733-e42f-41c9-930c-04dbd8d57f95"}}
{"__type":"$$EventMessageConfirm","confirm":"d03e0eaa-0300-437c-a0e1-6401bad6db6c","ts":"2026-06-21T01:18:07.925+05:30","source":{"id":"0","name":"eventBus"}}
{"__type":"$$EventMessageWorkflow","id":"b77c93f6-2935-46be-bd83-510fa08b0cbc","ts":"2026-06-21T01:18:07.935+05:30","eventName":"n8n.workflow.failed","message":"n8n.workflow.failed","payload":{"userId":"03b51899-dac1-4a33-aecd-ab6405f11858","executionId":"5","success":false,"isManual":true,"mode":"manual","workflowId":"fZgeDPZgY0fu2U8N","workflowName":"My workflow","projectId":"4WM2bi4SFwg00VyO","projectName":"Aman Raj <aman.raj.sde@gmail.com>","lastNodeExecuted":"Code in Python","errorMessage":"Python runner unavailable: Virtual environment is missing from this system"}}
{"__type":"$$EventMessageConfirm","confirm":"b77c93f6-2935-46be-bd83-510fa08b0cbc","ts":"2026-06-21T01:18:07.935+05:30","source":{"id":"0","name":"eventBus"}}
{"__type":"$$EventMessageAudit","id":"eb277fa0-1002-462d-ace5-9a24e3c853d8","ts":"2026-06-21T01:18:28.846+05:30","eventName":"n8n.audit.workflow.updated","message":"n8n.audit.workflow.updated","payload":{"userId":"03b51899-dac1-4a33-aecd-ab6405f11858","_email":"aman.raj.sde@gmail.com","_firstName":"Aman","_lastName":"Raj","globalRole":"global:owner","workflowId":"fZgeDPZgY0fu2U8N","workflowName":"My workflow"}}
{"__type":"$$EventMessageConfirm","confirm":"eb277fa0-1002-462d-ace5-9a24e3c853d8","ts":"2026-06-21T01:18:28.846+05:30","source":{"id":"0","name":"eventBus"}}
{"__type":"$$EventMessageAudit","id":"0a7a2393-fdb1-44e4-add2-cc86ab79b9a0","ts":"2026-06-21T01:18:29.553+05:30","eventName":"n8n.audit.workflow.executed","message":"n8n.audit.workflow.executed","payload":{"userId":"03b51899-dac1-4a33-aecd-ab6405f11858","_email":"aman.raj.sde@gmail.com","_firstName":"Aman","_lastName":"Raj","globalRole":"global:owner","workflowId":"fZgeDPZgY0fu2U8N","workflowName":"My workflow","executionId":"6","source":"user-manual"}}
{"__type":"$$EventMessageConfirm","confirm":"0a7a2393-fdb1-44e4-add2-cc86ab79b9a0","ts":"2026-06-21T01:18:29.554+05:30","source":{"id":"0","name":"eventBus"}}
{"__type":"$$EventMessageWorkflow","id":"46178687-15bb-4107-8b90-36c9103e7de9","ts":"2026-06-21T01:18:29.557+05:30","eventName":"n8n.workflow.started","message":"n8n.workflow.started","payload":{"executionId":"6","workflowId":"fZgeDPZgY0fu2U8N","isManual":false,"mode":"manual","workflowName":"My workflow","projectId":"4WM2bi4SFwg00VyO","projectName":"Aman Raj <aman.raj.sde@gmail.com>"}}
{"__type":"$$EventMessageConfirm","confirm":"46178687-15bb-4107-8b90-36c9103e7de9","ts":"2026-06-21T01:18:29.557+05:30","source":{"id":"0","name":"eventBus"}}
{"__type":"$$EventMessageNode","id":"b910958b-a0d1-4b21-a6e4-a1d97c63d959","ts":"2026-06-21T01:18:29.588+05:30","eventName":"n8n.node.started","message":"n8n.node.started","payload":{"workflowId":"fZgeDPZgY0fu2U8N","workflowName":"My workflow","executionId":"6","nodeType":"n8n-nodes-base.manualTrigger","nodeName":"When clicking ‘Execute workflow’","nodeId":"6d26efda-9107-43d6-8273-16e85f87bb25"}}
{"__type":"$$EventMessageConfirm","confirm":"b910958b-a0d1-4b21-a6e4-a1d97c63d959","ts":"2026-06-21T01:18:29.588+05:30","source":{"id":"0","name":"eventBus"}}
{"__type":"$$EventMessageNode","id":"d2c53246-e74e-4153-9dfd-2929cd3bbec1","ts":"2026-06-21T01:18:29.591+05:30","eventName":"n8n.node.finished","message":"n8n.node.finished","payload":{"workflowId":"fZgeDPZgY0fu2U8N","workflowName":"My workflow","executionId":"6","nodeType":"n8n-nodes-base.manualTrigger","nodeName":"When clicking ‘Execute workflow’","nodeId":"6d26efda-9107-43d6-8273-16e85f87bb25"}}
{"__type":"$$EventMessageConfirm","confirm":"d2c53246-e74e-4153-9dfd-2929cd3bbec1","ts":"2026-06-21T01:18:29.591+05:30","source":{"id":"0","name":"eventBus"}}
{"__type":"$$EventMessageWorkflow","id":"20242e6e-42f9-458d-a3f0-dbda0190c017","ts":"2026-06-21T01:18:29.598+05:30","eventName":"n8n.workflow.success","message":"n8n.workflow.success","payload":{"userId":"03b51899-dac1-4a33-aecd-ab6405f11858","executionId":"6","success":true,"isManual":true,"mode":"manual","workflowId":"fZgeDPZgY0fu2U8N","workflowName":"My workflow","projectId":"4WM2bi4SFwg00VyO","projectName":"Aman Raj <aman.raj.sde@gmail.com>"}}
{"__type":"$$EventMessageConfirm","confirm":"20242e6e-42f9-458d-a3f0-dbda0190c017","ts":"2026-06-21T01:18:29.598+05:30","source":{"id":"0","name":"eventBus"}}
